{"/Users/biagio/Desktop/DEV/lotto-game/src/data/combinationData.js": {"path":"/Users/biagio/Desktop/DEV/lotto-game/src/data/combinationData.js","statementMap":{"0":{"start":{"line":1,"column":20},"end":{"line":62,"column":1}},"1":{"start":{"line":65,"column":0},"end":{"line":65,"column":30}}},"fnMap":{},"branchMap":{},"s":{"0":1,"1":1},"f":{},"b":{},"_coverageSchema":"1a1c01bbd47fc00a2c39e90264f33305004495a9","hash":"cea5f3ccda73fa5072cca198e8597786cd1e7ba3"}
,"/Users/biagio/Desktop/DEV/lotto-game/src/data/priceData.js": {"path":"/Users/biagio/Desktop/DEV/lotto-game/src/data/priceData.js","statementMap":{"0":{"start":{"line":1,"column":14},"end":{"line":62,"column":1}},"1":{"start":{"line":64,"column":0},"end":{"line":64,"column":24}}},"fnMap":{},"branchMap":{},"s":{"0":1,"1":1},"f":{},"b":{},"_coverageSchema":"1a1c01bbd47fc00a2c39e90264f33305004495a9","hash":"f9ead4872e35af3e88c46c2301c34de5fda37613"}
,"/Users/biagio/Desktop/DEV/lotto-game/src/lottoGame/checkwin.js": {"path":"/Users/biagio/Desktop/DEV/lotto-game/src/lottoGame/checkwin.js","statementMap":{"0":{"start":{"line":1,"column":16},"end":{"line":1,"column":44}},"1":{"start":{"line":2,"column":22},"end":{"line":2,"column":56}},"2":{"start":{"line":7,"column":8},"end":{"line":11,"column":9}},"3":{"start":{"line":8,"column":12},"end":{"line":8,"column":36}},"4":{"start":{"line":10,"column":12},"end":{"line":10,"column":56}},"5":{"start":{"line":12,"column":8},"end":{"line":16,"column":9}},"6":{"start":{"line":13,"column":12},"end":{"line":13,"column":40}},"7":{"start":{"line":15,"column":12},"end":{"line":15,"column":60}},"8":{"start":{"line":17,"column":8},"end":{"line":17,"column":26}},"9":{"start":{"line":18,"column":8},"end":{"line":18,"column":42}},"10":{"start":{"line":19,"column":8},"end":{"line":19,"column":36}},"11":{"start":{"line":28,"column":20},"end":{"line":28,"column":21}},"12":{"start":{"line":29,"column":26},"end":{"line":29,"column":28}},"13":{"start":{"line":30,"column":22},"end":{"line":30,"column":41}},"14":{"start":{"line":31,"column":8},"end":{"line":54,"column":9}},"15":{"start":{"line":32,"column":33},"end":{"line":32,"column":52}},"16":{"start":{"line":33,"column":36},"end":{"line":33,"column":76}},"17":{"start":{"line":34,"column":12},"end":{"line":38,"column":13}},"18":{"start":{"line":35,"column":16},"end":{"line":37,"column":17}},"19":{"start":{"line":36,"column":20},"end":{"line":36,"column":30}},"20":{"start":{"line":39,"column":12},"end":{"line":51,"column":13}},"21":{"start":{"line":40,"column":16},"end":{"line":40,"column":64}},"22":{"start":{"line":41,"column":19},"end":{"line":51,"column":13}},"23":{"start":{"line":42,"column":16},"end":{"line":42,"column":64}},"24":{"start":{"line":43,"column":19},"end":{"line":51,"column":13}},"25":{"start":{"line":44,"column":16},"end":{"line":44,"column":64}},"26":{"start":{"line":45,"column":19},"end":{"line":51,"column":13}},"27":{"start":{"line":46,"column":16},"end":{"line":46,"column":64}},"28":{"start":{"line":47,"column":19},"end":{"line":51,"column":13}},"29":{"start":{"line":48,"column":16},"end":{"line":48,"column":64}},"30":{"start":{"line":50,"column":16},"end":{"line":50,"column":39}},"31":{"start":{"line":52,"column":12},"end":{"line":52,"column":21}},"32":{"start":{"line":55,"column":8},"end":{"line":55,"column":26}},"33":{"start":{"line":65,"column":26},"end":{"line":65,"column":28}},"34":{"start":{"line":66,"column":28},"end":{"line":66,"column":51}},"35":{"start":{"line":67,"column":8},"end":{"line":76,"column":9}},"36":{"start":{"line":68,"column":12},"end":{"line":75,"column":13}},"37":{"start":{"line":69,"column":16},"end":{"line":74,"column":17}},"38":{"start":{"line":70,"column":20},"end":{"line":72,"column":21}},"39":{"start":{"line":71,"column":24},"end":{"line":71,"column":65}},"40":{"start":{"line":73,"column":20},"end":{"line":73,"column":106}},"41":{"start":{"line":77,"column":8},"end":{"line":77,"column":24}},"42":{"start":{"line":86,"column":24},"end":{"line":86,"column":26}},"43":{"start":{"line":87,"column":28},"end":{"line":87,"column":49}},"44":{"start":{"line":88,"column":21},"end":{"line":88,"column":45}},"45":{"start":{"line":89,"column":8},"end":{"line":95,"column":9}},"46":{"start":{"line":90,"column":12},"end":{"line":94,"column":13}},"47":{"start":{"line":90,"column":50},"end":{"line":90,"column":69}},"48":{"start":{"line":92,"column":29},"end":{"line":92,"column":109}},"49":{"start":{"line":93,"column":16},"end":{"line":93,"column":35}},"50":{"start":{"line":96,"column":18},"end":{"line":96,"column":61}},"51":{"start":{"line":96,"column":47},"end":{"line":96,"column":57}},"52":{"start":{"line":97,"column":8},"end":{"line":106,"column":9}},"53":{"start":{"line":98,"column":12},"end":{"line":98,"column":27}},"54":{"start":{"line":99,"column":12},"end":{"line":99,"column":42}},"55":{"start":{"line":100,"column":12},"end":{"line":100,"column":70}},"56":{"start":{"line":101,"column":15},"end":{"line":106,"column":9}},"57":{"start":{"line":102,"column":12},"end":{"line":102,"column":42}},"58":{"start":{"line":103,"column":12},"end":{"line":103,"column":66}},"59":{"start":{"line":105,"column":12},"end":{"line":105,"column":48}},"60":{"start":{"line":115,"column":0},"end":{"line":115,"column":27}}},"fnMap":{"0":{"name":"(anonymous_0)","decl":{"start":{"line":6,"column":4},"end":{"line":6,"column":5}},"loc":{"start":{"line":6,"column":38},"end":{"line":20,"column":5}},"line":6},"1":{"name":"(anonymous_1)","decl":{"start":{"line":27,"column":4},"end":{"line":27,"column":5}},"loc":{"start":{"line":27,"column":33},"end":{"line":56,"column":5}},"line":27},"2":{"name":"(anonymous_2)","decl":{"start":{"line":64,"column":4},"end":{"line":64,"column":5}},"loc":{"start":{"line":64,"column":21},"end":{"line":78,"column":5}},"line":64},"3":{"name":"(anonymous_3)","decl":{"start":{"line":85,"column":4},"end":{"line":85,"column":5}},"loc":{"start":{"line":85,"column":39},"end":{"line":109,"column":5}},"line":85},"4":{"name":"(anonymous_4)","decl":{"start":{"line":90,"column":39},"end":{"line":90,"column":40}},"loc":{"start":{"line":90,"column":50},"end":{"line":90,"column":69}},"line":90},"5":{"name":"(anonymous_5)","decl":{"start":{"line":96,"column":33},"end":{"line":96,"column":34}},"loc":{"start":{"line":96,"column":47},"end":{"line":96,"column":57}},"line":96}},"branchMap":{"0":{"loc":{"start":{"line":7,"column":8},"end":{"line":11,"column":9}},"type":"if","locations":[{"start":{"line":7,"column":8},"end":{"line":11,"column":9}},{"start":{"line":9,"column":15},"end":{"line":11,"column":9}}],"line":7},"1":{"loc":{"start":{"line":12,"column":8},"end":{"line":16,"column":9}},"type":"if","locations":[{"start":{"line":12,"column":8},"end":{"line":16,"column":9}},{"start":{"line":14,"column":15},"end":{"line":16,"column":9}}],"line":12},"2":{"loc":{"start":{"line":35,"column":16},"end":{"line":37,"column":17}},"type":"if","locations":[{"start":{"line":35,"column":16},"end":{"line":37,"column":17}},{"start":{},"end":{}}],"line":35},"3":{"loc":{"start":{"line":39,"column":12},"end":{"line":51,"column":13}},"type":"if","locations":[{"start":{"line":39,"column":12},"end":{"line":51,"column":13}},{"start":{"line":41,"column":19},"end":{"line":51,"column":13}}],"line":39},"4":{"loc":{"start":{"line":41,"column":19},"end":{"line":51,"column":13}},"type":"if","locations":[{"start":{"line":41,"column":19},"end":{"line":51,"column":13}},{"start":{"line":43,"column":19},"end":{"line":51,"column":13}}],"line":41},"5":{"loc":{"start":{"line":43,"column":19},"end":{"line":51,"column":13}},"type":"if","locations":[{"start":{"line":43,"column":19},"end":{"line":51,"column":13}},{"start":{"line":45,"column":19},"end":{"line":51,"column":13}}],"line":43},"6":{"loc":{"start":{"line":45,"column":19},"end":{"line":51,"column":13}},"type":"if","locations":[{"start":{"line":45,"column":19},"end":{"line":51,"column":13}},{"start":{"line":47,"column":19},"end":{"line":51,"column":13}}],"line":45},"7":{"loc":{"start":{"line":47,"column":19},"end":{"line":51,"column":13}},"type":"if","locations":[{"start":{"line":47,"column":19},"end":{"line":51,"column":13}},{"start":{"line":49,"column":18},"end":{"line":51,"column":13}}],"line":47},"8":{"loc":{"start":{"line":69,"column":16},"end":{"line":74,"column":17}},"type":"if","locations":[{"start":{"line":69,"column":16},"end":{"line":74,"column":17}},{"start":{},"end":{}}],"line":69},"9":{"loc":{"start":{"line":70,"column":20},"end":{"line":72,"column":21}},"type":"if","locations":[{"start":{"line":70,"column":20},"end":{"line":72,"column":21}},{"start":{},"end":{}}],"line":70},"10":{"loc":{"start":{"line":90,"column":12},"end":{"line":94,"column":13}},"type":"if","locations":[{"start":{"line":90,"column":12},"end":{"line":94,"column":13}},{"start":{},"end":{}}],"line":90},"11":{"loc":{"start":{"line":97,"column":8},"end":{"line":106,"column":9}},"type":"if","locations":[{"start":{"line":97,"column":8},"end":{"line":106,"column":9}},{"start":{"line":101,"column":15},"end":{"line":106,"column":9}}],"line":97},"12":{"loc":{"start":{"line":101,"column":15},"end":{"line":106,"column":9}},"type":"if","locations":[{"start":{"line":101,"column":15},"end":{"line":106,"column":9}},{"start":{"line":104,"column":14},"end":{"line":106,"column":9}}],"line":101},"13":{"loc":{"start":{"line":101,"column":19},"end":{"line":101,"column":39}},"type":"binary-expr","locations":[{"start":{"line":101,"column":19},"end":{"line":101,"column":28}},{"start":{"line":101,"column":32},"end":{"line":101,"column":39}}],"line":101}},"s":{"0":1,"1":1,"2":0,"3":0,"4":0,"5":0,"6":0,"7":0,"8":0,"9":0,"10":0,"11":0,"12":0,"13":0,"14":0,"15":0,"16":0,"17":0,"18":0,"19":0,"20":0,"21":0,"22":0,"23":0,"24":0,"25":0,"26":0,"27":0,"28":0,"29":0,"30":0,"31":0,"32":0,"33":0,"34":0,"35":0,"36":0,"37":0,"38":0,"39":0,"40":0,"41":0,"42":0,"43":0,"44":0,"45":0,"46":0,"47":0,"48":0,"49":0,"50":0,"51":0,"52":0,"53":0,"54":0,"55":0,"56":0,"57":0,"58":0,"59":0,"60":1},"f":{"0":0,"1":0,"2":0,"3":0,"4":0,"5":0},"b":{"0":[0,0],"1":[0,0],"2":[0,0],"3":[0,0],"4":[0,0],"5":[0,0],"6":[0,0],"7":[0,0],"8":[0,0],"9":[0,0],"10":[0,0],"11":[0,0],"12":[0,0],"13":[0,0]},"_coverageSchema":"1a1c01bbd47fc00a2c39e90264f33305004495a9","hash":"1195f20ba640ecf0180b11f525c93957c7797032"}
,"/Users/biagio/Desktop/DEV/lotto-game/src/lottoGame/extraction.js": {"path":"/Users/biagio/Desktop/DEV/lotto-game/src/lottoGame/extraction.js","statementMap":{"0":{"start":{"line":3,"column":8},"end":{"line":3,"column":122}},"1":{"start":{"line":4,"column":8},"end":{"line":4,"column":49}},"2":{"start":{"line":12,"column":26},"end":{"line":12,"column":28}},"3":{"start":{"line":13,"column":8},"end":{"line":13,"column":89}},"4":{"start":{"line":13,"column":34},"end":{"line":13,"column":88}},"5":{"start":{"line":14,"column":8},"end":{"line":14,"column":24}},"6":{"start":{"line":22,"column":24},"end":{"line":22,"column":26}},"7":{"start":{"line":23,"column":8},"end":{"line":30,"column":9}},"8":{"start":{"line":24,"column":24},"end":{"line":24,"column":36}},"9":{"start":{"line":25,"column":24},"end":{"line":25,"column":38}},"10":{"start":{"line":26,"column":27},"end":{"line":26,"column":76}},"11":{"start":{"line":27,"column":12},"end":{"line":29,"column":13}},"12":{"start":{"line":28,"column":16},"end":{"line":28,"column":36}},"13":{"start":{"line":31,"column":8},"end":{"line":31,"column":22}},"14":{"start":{"line":40,"column":19},"end":{"line":40,"column":21}},"15":{"start":{"line":41,"column":24},"end":{"line":41,"column":86}},"16":{"start":{"line":42,"column":22},"end":{"line":42,"column":40}},"17":{"start":{"line":43,"column":22},"end":{"line":43,"column":25}},"18":{"start":{"line":44,"column":21},"end":{"line":44,"column":49}},"19":{"start":{"line":45,"column":8},"end":{"line":45,"column":127}},"20":{"start":{"line":46,"column":8},"end":{"line":48,"column":9}},"21":{"start":{"line":47,"column":12},"end":{"line":47,"column":197}},"22":{"start":{"line":49,"column":8},"end":{"line":49,"column":36}},"23":{"start":{"line":53,"column":0},"end":{"line":53,"column":31}}},"fnMap":{"0":{"name":"(anonymous_0)","decl":{"start":{"line":2,"column":4},"end":{"line":2,"column":5}},"loc":{"start":{"line":2,"column":18},"end":{"line":5,"column":5}},"line":2},"1":{"name":"(anonymous_1)","decl":{"start":{"line":11,"column":4},"end":{"line":11,"column":5}},"loc":{"start":{"line":11,"column":23},"end":{"line":15,"column":5}},"line":11},"2":{"name":"(anonymous_2)","decl":{"start":{"line":13,"column":25},"end":{"line":13,"column":26}},"loc":{"start":{"line":13,"column":34},"end":{"line":13,"column":88}},"line":13},"3":{"name":"(anonymous_3)","decl":{"start":{"line":21,"column":4},"end":{"line":21,"column":5}},"loc":{"start":{"line":21,"column":21},"end":{"line":32,"column":5}},"line":21},"4":{"name":"(anonymous_4)","decl":{"start":{"line":39,"column":4},"end":{"line":39,"column":5}},"loc":{"start":{"line":39,"column":24},"end":{"line":50,"column":5}},"line":39}},"branchMap":{"0":{"loc":{"start":{"line":27,"column":12},"end":{"line":29,"column":13}},"type":"if","locations":[{"start":{"line":27,"column":12},"end":{"line":29,"column":13}},{"start":{},"end":{}}],"line":27}},"s":{"0":0,"1":0,"2":0,"3":0,"4":0,"5":0,"6":0,"7":0,"8":0,"9":0,"10":0,"11":0,"12":0,"13":0,"14":0,"15":0,"16":0,"17":0,"18":0,"19":0,"20":0,"21":0,"22":0,"23":1},"f":{"0":0,"1":0,"2":0,"3":0,"4":0},"b":{"0":[0,0]},"_coverageSchema":"1a1c01bbd47fc00a2c39e90264f33305004495a9","hash":"cc334d3be8abad029c86e078399fa06539881a4a"}
,"/Users/biagio/Desktop/DEV/lotto-game/src/lottoGame/schedina.js": {"path":"/Users/biagio/Desktop/DEV/lotto-game/src/lottoGame/schedina.js","statementMap":{"0":{"start":{"line":3,"column":22},"end":{"line":3,"column":123}},"1":{"start":{"line":5,"column":8},"end":{"line":16,"column":9}},"2":{"start":{"line":6,"column":12},"end":{"line":15,"column":13}},"3":{"start":{"line":7,"column":16},"end":{"line":7,"column":34}},"4":{"start":{"line":9,"column":38},"end":{"line":9,"column":132}},"5":{"start":{"line":9,"column":64},"end":{"line":9,"column":131}},"6":{"start":{"line":9,"column":82},"end":{"line":9,"column":100}},"7":{"start":{"line":10,"column":16},"end":{"line":14,"column":17}},"8":{"start":{"line":11,"column":20},"end":{"line":11,"column":43}},"9":{"start":{"line":13,"column":20},"end":{"line":13,"column":35}},"10":{"start":{"line":19,"column":8},"end":{"line":27,"column":9}},"11":{"start":{"line":20,"column":32},"end":{"line":20,"column":84}},"12":{"start":{"line":21,"column":30},"end":{"line":21,"column":133}},"13":{"start":{"line":21,"column":54},"end":{"line":21,"column":132}},"14":{"start":{"line":21,"column":78},"end":{"line":21,"column":102}},"15":{"start":{"line":22,"column":12},"end":{"line":26,"column":13}},"16":{"start":{"line":23,"column":16},"end":{"line":23,"column":37}},"17":{"start":{"line":25,"column":16},"end":{"line":25,"column":30}},"18":{"start":{"line":29,"column":8},"end":{"line":29,"column":30}},"19":{"start":{"line":30,"column":8},"end":{"line":30,"column":28}},"20":{"start":{"line":31,"column":8},"end":{"line":31,"column":49}},"21":{"start":{"line":32,"column":8},"end":{"line":32,"column":20}},"22":{"start":{"line":44,"column":24},"end":{"line":44,"column":26}},"23":{"start":{"line":45,"column":8},"end":{"line":57,"column":9}},"24":{"start":{"line":46,"column":12},"end":{"line":53,"column":13}},"25":{"start":{"line":47,"column":28},"end":{"line":47,"column":40}},"26":{"start":{"line":48,"column":28},"end":{"line":48,"column":42}},"27":{"start":{"line":49,"column":31},"end":{"line":49,"column":80}},"28":{"start":{"line":50,"column":16},"end":{"line":52,"column":17}},"29":{"start":{"line":51,"column":20},"end":{"line":51,"column":40}},"30":{"start":{"line":54,"column":12},"end":{"line":54,"column":26}},"31":{"start":{"line":56,"column":12},"end":{"line":56,"column":64}},"32":{"start":{"line":68,"column":22},"end":{"line":68,"column":123}},"33":{"start":{"line":69,"column":19},"end":{"line":69,"column":21}},"34":{"start":{"line":70,"column":8},"end":{"line":92,"column":9}},"35":{"start":{"line":71,"column":28},"end":{"line":71,"column":90}},"36":{"start":{"line":72,"column":26},"end":{"line":72,"column":54}},"37":{"start":{"line":73,"column":26},"end":{"line":73,"column":29}},"38":{"start":{"line":74,"column":12},"end":{"line":74,"column":89}},"39":{"start":{"line":75,"column":12},"end":{"line":81,"column":13}},"40":{"start":{"line":75,"column":44},"end":{"line":75,"column":65}},"41":{"start":{"line":76,"column":36},"end":{"line":76,"column":54}},"42":{"start":{"line":77,"column":16},"end":{"line":77,"column":162}},"43":{"start":{"line":79,"column":36},"end":{"line":79,"column":63}},"44":{"start":{"line":80,"column":16},"end":{"line":80,"column":234}},"45":{"start":{"line":80,"column":119},"end":{"line":80,"column":165}},"46":{"start":{"line":82,"column":31},"end":{"line":82,"column":57}},"47":{"start":{"line":83,"column":12},"end":{"line":83,"column":239}},"48":{"start":{"line":83,"column":117},"end":{"line":83,"column":171}},"49":{"start":{"line":84,"column":28},"end":{"line":84,"column":44}},"50":{"start":{"line":85,"column":34},"end":{"line":85,"column":58}},"51":{"start":{"line":86,"column":12},"end":{"line":86,"column":168}},"52":{"start":{"line":87,"column":12},"end":{"line":87,"column":218}},"53":{"start":{"line":88,"column":12},"end":{"line":88,"column":200}},"54":{"start":{"line":89,"column":12},"end":{"line":89,"column":27}},"55":{"start":{"line":91,"column":12},"end":{"line":91,"column":70}},"56":{"start":{"line":94,"column":8},"end":{"line":94,"column":19}},"57":{"start":{"line":100,"column":0},"end":{"line":100,"column":29}}},"fnMap":{"0":{"name":"(anonymous_0)","decl":{"start":{"line":2,"column":4},"end":{"line":2,"column":5}},"loc":{"start":{"line":2,"column":56},"end":{"line":35,"column":5}},"line":2},"1":{"name":"(anonymous_1)","decl":{"start":{"line":9,"column":55},"end":{"line":9,"column":56}},"loc":{"start":{"line":9,"column":64},"end":{"line":9,"column":131}},"line":9},"2":{"name":"(anonymous_2)","decl":{"start":{"line":9,"column":74},"end":{"line":9,"column":75}},"loc":{"start":{"line":9,"column":82},"end":{"line":9,"column":100}},"line":9},"3":{"name":"(anonymous_3)","decl":{"start":{"line":21,"column":46},"end":{"line":21,"column":47}},"loc":{"start":{"line":21,"column":54},"end":{"line":21,"column":132}},"line":21},"4":{"name":"(anonymous_4)","decl":{"start":{"line":21,"column":70},"end":{"line":21,"column":71}},"loc":{"start":{"line":21,"column":78},"end":{"line":21,"column":102}},"line":21},"5":{"name":"(anonymous_5)","decl":{"start":{"line":43,"column":4},"end":{"line":43,"column":5}},"loc":{"start":{"line":43,"column":22},"end":{"line":58,"column":5}},"line":43},"6":{"name":"(anonymous_6)","decl":{"start":{"line":67,"column":4},"end":{"line":67,"column":5}},"loc":{"start":{"line":67,"column":32},"end":{"line":96,"column":5}},"line":67},"7":{"name":"(anonymous_7)","decl":{"start":{"line":75,"column":33},"end":{"line":75,"column":34}},"loc":{"start":{"line":75,"column":44},"end":{"line":75,"column":65}},"line":75},"8":{"name":"(anonymous_8)","decl":{"start":{"line":80,"column":108},"end":{"line":80,"column":109}},"loc":{"start":{"line":80,"column":119},"end":{"line":80,"column":165}},"line":80},"9":{"name":"(anonymous_9)","decl":{"start":{"line":83,"column":102},"end":{"line":83,"column":103}},"loc":{"start":{"line":83,"column":117},"end":{"line":83,"column":171}},"line":83}},"branchMap":{"0":{"loc":{"start":{"line":5,"column":8},"end":{"line":16,"column":9}},"type":"if","locations":[{"start":{"line":5,"column":8},"end":{"line":16,"column":9}},{"start":{},"end":{}}],"line":5},"1":{"loc":{"start":{"line":6,"column":12},"end":{"line":15,"column":13}},"type":"if","locations":[{"start":{"line":6,"column":12},"end":{"line":15,"column":13}},{"start":{"line":8,"column":19},"end":{"line":15,"column":13}}],"line":6},"2":{"loc":{"start":{"line":6,"column":16},"end":{"line":6,"column":76}},"type":"binary-expr","locations":[{"start":{"line":6,"column":16},"end":{"line":6,"column":44}},{"start":{"line":6,"column":48},"end":{"line":6,"column":76}}],"line":6},"3":{"loc":{"start":{"line":10,"column":16},"end":{"line":14,"column":17}},"type":"if","locations":[{"start":{"line":10,"column":16},"end":{"line":14,"column":17}},{"start":{"line":12,"column":23},"end":{"line":14,"column":17}}],"line":10},"4":{"loc":{"start":{"line":19,"column":8},"end":{"line":27,"column":9}},"type":"if","locations":[{"start":{"line":19,"column":8},"end":{"line":27,"column":9}},{"start":{},"end":{}}],"line":19},"5":{"loc":{"start":{"line":22,"column":12},"end":{"line":26,"column":13}},"type":"if","locations":[{"start":{"line":22,"column":12},"end":{"line":26,"column":13}},{"start":{"line":24,"column":19},"end":{"line":26,"column":13}}],"line":22},"6":{"loc":{"start":{"line":45,"column":8},"end":{"line":57,"column":9}},"type":"if","locations":[{"start":{"line":45,"column":8},"end":{"line":57,"column":9}},{"start":{"line":55,"column":15},"end":{"line":57,"column":9}}],"line":45},"7":{"loc":{"start":{"line":45,"column":12},"end":{"line":45,"column":51}},"type":"binary-expr","locations":[{"start":{"line":45,"column":12},"end":{"line":45,"column":30}},{"start":{"line":45,"column":34},"end":{"line":45,"column":51}}],"line":45},"8":{"loc":{"start":{"line":50,"column":16},"end":{"line":52,"column":17}},"type":"if","locations":[{"start":{"line":50,"column":16},"end":{"line":52,"column":17}},{"start":{},"end":{}}],"line":50},"9":{"loc":{"start":{"line":67,"column":20},"end":{"line":67,"column":30}},"type":"default-arg","locations":[{"start":{"line":67,"column":27},"end":{"line":67,"column":30}}],"line":67},"10":{"loc":{"start":{"line":70,"column":8},"end":{"line":92,"column":9}},"type":"if","locations":[{"start":{"line":70,"column":8},"end":{"line":92,"column":9}},{"start":{"line":90,"column":15},"end":{"line":92,"column":9}}],"line":70},"11":{"loc":{"start":{"line":70,"column":12},"end":{"line":70,"column":73}},"type":"binary-expr","locations":[{"start":{"line":70,"column":12},"end":{"line":70,"column":40}},{"start":{"line":70,"column":44},"end":{"line":70,"column":73}}],"line":70},"12":{"loc":{"start":{"line":75,"column":12},"end":{"line":81,"column":13}},"type":"if","locations":[{"start":{"line":75,"column":12},"end":{"line":81,"column":13}},{"start":{"line":78,"column":19},"end":{"line":81,"column":13}}],"line":75}},"s":{"0":6,"1":6,"2":6,"3":1,"4":5,"5":12,"6":120,"7":5,"8":2,"9":3,"10":6,"11":6,"12":6,"13":12,"14":60,"15":6,"16":4,"17":2,"18":6,"19":6,"20":6,"21":6,"22":6,"23":6,"24":6,"25":63,"26":63,"27":63,"28":63,"29":60,"30":6,"31":0,"32":0,"33":0,"34":0,"35":0,"36":0,"37":0,"38":0,"39":0,"40":0,"41":0,"42":0,"43":0,"44":0,"45":0,"46":0,"47":0,"48":0,"49":0,"50":0,"51":0,"52":0,"53":0,"54":0,"55":0,"56":0,"57":1},"f":{"0":6,"1":12,"2":120,"3":12,"4":60,"5":6,"6":0,"7":0,"8":0,"9":0},"b":{"0":[6,0],"1":[1,5],"2":[6,5],"3":[2,3],"4":[6,0],"5":[4,2],"6":[6,0],"7":[6,6],"8":[60,3],"9":[0],"10":[0,0],"11":[0,0],"12":[0,0]},"_coverageSchema":"1a1c01bbd47fc00a2c39e90264f33305004495a9","hash":"18bc77df21deb599518ac69e006b2b9a9fa0e677"}
}
