TN:
SF:src/data/combinationData.js
FNF:0
FNH:0
DA:1,1
DA:65,1
LF:2
LH:2
BRF:0
BRH:0
end_of_record
TN:
SF:src/data/priceData.js
FNF:0
FNH:0
DA:1,1
DA:64,1
LF:2
LH:2
BRF:0
BRH:0
end_of_record
TN:
SF:src/lottoGame/checkwin.js
FN:6,(anonymous_0)
FN:27,(anonymous_1)
FN:64,(anonymous_2)
FN:85,(anonymous_3)
FN:90,(anonymous_4)
FN:96,(anonymous_5)
FNF:6
FNH:0
FNDA:0,(anonymous_0)
FNDA:0,(anonymous_1)
FNDA:0,(anonymous_2)
FNDA:0,(anonymous_3)
FNDA:0,(anonymous_4)
FNDA:0,(anonymous_5)
DA:1,1
DA:2,1
DA:7,0
DA:8,0
DA:10,0
DA:12,0
DA:13,0
DA:15,0
DA:17,0
DA:18,0
DA:19,0
DA:28,0
DA:29,0
DA:30,0
DA:31,0
DA:32,0
DA:33,0
DA:34,0
DA:35,0
DA:36,0
DA:39,0
DA:40,0
DA:41,0
DA:42,0
DA:43,0
DA:44,0
DA:45,0
DA:46,0
DA:47,0
DA:48,0
DA:50,0
DA:52,0
DA:55,0
DA:65,0
DA:66,0
DA:67,0
DA:68,0
DA:69,0
DA:70,0
DA:71,0
DA:73,0
DA:77,0
DA:86,0
DA:87,0
DA:88,0
DA:89,0
DA:90,0
DA:92,0
DA:93,0
DA:96,0
DA:97,0
DA:98,0
DA:99,0
DA:100,0
DA:101,0
DA:102,0
DA:103,0
DA:105,0
DA:115,1
LF:59
LH:3
BRDA:7,0,0,0
BRDA:7,0,1,0
BRDA:12,1,0,0
BRDA:12,1,1,0
BRDA:35,2,0,0
BRDA:35,2,1,0
BRDA:39,3,0,0
BRDA:39,3,1,0
BRDA:41,4,0,0
BRDA:41,4,1,0
BRDA:43,5,0,0
BRDA:43,5,1,0
BRDA:45,6,0,0
BRDA:45,6,1,0
BRDA:47,7,0,0
BRDA:47,7,1,0
BRDA:69,8,0,0
BRDA:69,8,1,0
BRDA:70,9,0,0
BRDA:70,9,1,0
BRDA:90,10,0,0
BRDA:90,10,1,0
BRDA:97,11,0,0
BRDA:97,11,1,0
BRDA:101,12,0,0
BRDA:101,12,1,0
BRDA:101,13,0,0
BRDA:101,13,1,0
BRF:28
BRH:0
end_of_record
TN:
SF:src/lottoGame/extraction.js
FN:2,(anonymous_0)
FN:11,(anonymous_1)
FN:13,(anonymous_2)
FN:21,(anonymous_3)
FN:39,(anonymous_4)
FNF:5
FNH:0
FNDA:0,(anonymous_0)
FNDA:0,(anonymous_1)
FNDA:0,(anonymous_2)
FNDA:0,(anonymous_3)
FNDA:0,(anonymous_4)
DA:3,0
DA:4,0
DA:12,0
DA:13,0
DA:14,0
DA:22,0
DA:23,0
DA:24,0
DA:25,0
DA:26,0
DA:27,0
DA:28,0
DA:31,0
DA:40,0
DA:41,0
DA:42,0
DA:43,0
DA:44,0
DA:45,0
DA:46,0
DA:47,0
DA:49,0
DA:53,1
LF:23
LH:1
BRDA:27,0,0,0
BRDA:27,0,1,0
BRF:2
BRH:0
end_of_record
TN:
SF:src/lottoGame/schedina.js
FN:2,(anonymous_0)
FN:9,(anonymous_1)
FN:9,(anonymous_2)
FN:21,(anonymous_3)
FN:21,(anonymous_4)
FN:43,(anonymous_5)
FN:67,(anonymous_6)
FN:75,(anonymous_7)
FN:80,(anonymous_8)
FN:83,(anonymous_9)
FNF:10
FNH:6
FNDA:6,(anonymous_0)
FNDA:12,(anonymous_1)
FNDA:120,(anonymous_2)
FNDA:12,(anonymous_3)
FNDA:60,(anonymous_4)
FNDA:6,(anonymous_5)
FNDA:0,(anonymous_6)
FNDA:0,(anonymous_7)
FNDA:0,(anonymous_8)
FNDA:0,(anonymous_9)
DA:3,6
DA:5,6
DA:6,6
DA:7,1
DA:9,120
DA:10,5
DA:11,2
DA:13,3
DA:19,6
DA:20,6
DA:21,60
DA:22,6
DA:23,4
DA:25,2
DA:29,6
DA:30,6
DA:31,6
DA:32,6
DA:44,6
DA:45,6
DA:46,6
DA:47,63
DA:48,63
DA:49,63
DA:50,63
DA:51,60
DA:54,6
DA:56,0
DA:68,0
DA:69,0
DA:70,0
DA:71,0
DA:72,0
DA:73,0
DA:74,0
DA:75,0
DA:76,0
DA:77,0
DA:79,0
DA:80,0
DA:82,0
DA:83,0
DA:84,0
DA:85,0
DA:86,0
DA:87,0
DA:88,0
DA:89,0
DA:91,0
DA:94,0
DA:100,1
LF:51
LH:28
BRDA:5,0,0,6
BRDA:5,0,1,0
BRDA:6,1,0,1
BRDA:6,1,1,5
BRDA:6,2,0,6
BRDA:6,2,1,5
BRDA:10,3,0,2
BRDA:10,3,1,3
BRDA:19,4,0,6
BRDA:19,4,1,0
BRDA:22,5,0,4
BRDA:22,5,1,2
BRDA:45,6,0,6
BRDA:45,6,1,0
BRDA:45,7,0,6
BRDA:45,7,1,6
BRDA:50,8,0,60
BRDA:50,8,1,3
BRDA:67,9,0,0
BRDA:70,10,0,0
BRDA:70,10,1,0
BRDA:70,11,0,0
BRDA:70,11,1,0
BRDA:75,12,0,0
BRDA:75,12,1,0
BRF:25
BRH:15
end_of_record
